[2024-11-14 15:11:16.363] [DEBUG] [main] [com.local.MySchedule.MyScheduleApplicationTests] [logStarting] [51] - Running with Spring Boot v3.3.4, Spring v6.1.13
[2024-11-14 15:12:31.627] [DEBUG] [main] [com.local.MySchedule.MyScheduleApplicationTests] [logStarting] [51] - Running with Spring Boot v3.3.4, Spring v6.1.13
[2024-11-14 15:13:18.197] [DEBUG] [main] [com.local.MySchedule.MyScheduleApplicationTests] [logStarting] [51] - Running with Spring Boot v3.3.4, Spring v6.1.13
[2024-11-14 15:18:44.929] [DEBUG] [main] [com.local.MySchedule.MyScheduleApplicationTests] [logStarting] [51] - Running with Spring Boot v3.3.4, Spring v6.1.13
[2024-11-14 15:28:00.669] [DEBUG] [main] [com.local.MySchedule.MyScheduleApplicationTests] [logStarting] [51] - Running with Spring Boot v3.3.4, Spring v6.1.13
[2024-11-14 15:33:26.262] [DEBUG] [main] [com.local.MySchedule.MyScheduleApplicationTests] [logStarting] [51] - Running with Spring Boot v3.3.4, Spring v6.1.13
[2024-11-14 15:37:33.019] [DEBUG] [main] [com.local.MySchedule.MyScheduleApplicationTests] [logStarting] [51] - Running with Spring Boot v3.3.4, Spring v6.1.13
[2024-11-14 15:44:30.659] [DEBUG] [main] [com.local.MySchedule.MyScheduleApplicationTests] [logStarting] [51] - Running with Spring Boot v3.3.4, Spring v6.1.13
[2024-11-14 15:49:07.930] [DEBUG] [main] [com.local.MySchedule.MyScheduleApplicationTests] [logStarting] [51] - Running with Spring Boot v3.3.4, Spring v6.1.13
[2024-11-14 15:50:33.789] [DEBUG] [main] [com.local.MySchedule.MyScheduleApplicationTests] [logStarting] [51] - Running with Spring Boot v3.3.4, Spring v6.1.13
[2024-11-14 15:55:28.149] [DEBUG] [main] [com.local.MySchedule.MyScheduleApplicationTests] [logStarting] [51] - Running with Spring Boot v3.3.4, Spring v6.1.13
[2024-11-14 15:57:28.652] [DEBUG] [main] [com.local.MySchedule.MyScheduleApplicationTests] [logStarting] [51] - Running with Spring Boot v3.3.4, Spring v6.1.13
[2024-11-14 15:59:01.575] [DEBUG] [main] [com.local.MySchedule.MyScheduleApplicationTests] [logStarting] [51] - Running with Spring Boot v3.3.4, Spring v6.1.13
[2024-11-14 16:03:52.479] [DEBUG] [main] [com.local.MySchedule.MyScheduleApplicationTests] [logStarting] [51] - Running with Spring Boot v3.3.4, Spring v6.1.13
[2024-11-14 16:09:55.671] [DEBUG] [main] [com.local.MySchedule.MyScheduleApplicationTests] [logStarting] [51] - Running with Spring Boot v3.3.4, Spring v6.1.13
[2024-11-14 16:15:00.529] [DEBUG] [main] [com.local.MySchedule.MyScheduleApplicationTests] [logStarting] [51] - Running with Spring Boot v3.3.4, Spring v6.1.13
[2024-11-14 16:17:18.193] [DEBUG] [main] [com.local.MySchedule.MyScheduleApplicationTests] [logStarting] [51] - Running with Spring Boot v3.3.4, Spring v6.1.13
[2024-11-14 16:27:07.543] [DEBUG] [main] [com.local.MySchedule.MyScheduleApplicationTests] [logStarting] [51] - Running with Spring Boot v3.3.4, Spring v6.1.13
[2024-11-14 16:34:21.839] [DEBUG] [main] [com.local.MySchedule.MyScheduleApplicationTests] [logStarting] [51] - Running with Spring Boot v3.3.4, Spring v6.1.13
[2024-11-14 16:37:57.215] [DEBUG] [main] [com.local.MySchedule.MyScheduleApplication] [logStarting] [51] - Running with Spring Boot v3.3.4, Spring v6.1.13
[2024-11-14 16:38:06.589] [DEBUG] [http-nio-8090-exec-3] [c.l.M.dao.ScheduleMapper.selectSchedulesByDate] [debug] [135] - ==>  Preparing: SELECT s.schedule_date, s.start_time, s.end_time, s.title, s.description, s.create_time, s.update_time, st.type_id, st.type_name, st.type_description, st.bg_color FROM schedule s JOIN schedule_type st ON s.type_id = st.type_id WHERE s.schedule_date = ?
[2024-11-14 16:38:06.639] [DEBUG] [http-nio-8090-exec-3] [c.l.M.dao.ScheduleMapper.selectSchedulesByDate] [debug] [135] - ==> Parameters: 2024-11-14(LocalDate)
[2024-11-14 16:38:06.763] [DEBUG] [http-nio-8090-exec-3] [c.l.M.dao.ScheduleMapper.selectSchedulesByDate] [debug] [135] - <==      Total: 1
[2024-11-14 16:38:06.776] [DEBUG] [http-nio-8090-exec-3] [com.local.MySchedule.service.ScheduleService] [getScheduleByDate] [85] - Schedules : [2024-11-14]
[2024-11-14 16:38:11.332] [DEBUG] [http-nio-8090-exec-6] [c.l.M.dao.ScheduleMapper.selectSchedulesByDate] [debug] [135] - ==>  Preparing: SELECT s.schedule_date, s.start_time, s.end_time, s.title, s.description, s.create_time, s.update_time, st.type_id, st.type_name, st.type_description, st.bg_color FROM schedule s JOIN schedule_type st ON s.type_id = st.type_id WHERE s.schedule_date = ?
[2024-11-14 16:38:11.334] [DEBUG] [http-nio-8090-exec-6] [c.l.M.dao.ScheduleMapper.selectSchedulesByDate] [debug] [135] - ==> Parameters: 2024-10-28(LocalDate)
[2024-11-14 16:38:11.340] [DEBUG] [http-nio-8090-exec-6] [c.l.M.dao.ScheduleMapper.selectSchedulesByDate] [debug] [135] - <==      Total: 0
[2024-11-14 16:38:11.341] [DEBUG] [http-nio-8090-exec-6] [com.local.MySchedule.service.ScheduleService] [getScheduleByDate] [85] - Schedules : []
[2024-11-14 16:38:11.342] [DEBUG] [http-nio-8090-exec-6] [c.l.M.dao.ScheduleMapper.selectSchedulesByDate] [debug] [135] - ==>  Preparing: SELECT s.schedule_date, s.start_time, s.end_time, s.title, s.description, s.create_time, s.update_time, st.type_id, st.type_name, st.type_description, st.bg_color FROM schedule s JOIN schedule_type st ON s.type_id = st.type_id WHERE s.schedule_date = ?
[2024-11-14 16:38:11.345] [DEBUG] [http-nio-8090-exec-6] [c.l.M.dao.ScheduleMapper.selectSchedulesByDate] [debug] [135] - ==> Parameters: 2024-10-29(LocalDate)
[2024-11-14 16:38:11.350] [DEBUG] [http-nio-8090-exec-6] [c.l.M.dao.ScheduleMapper.selectSchedulesByDate] [debug] [135] - <==      Total: 0
[2024-11-14 16:38:11.352] [DEBUG] [http-nio-8090-exec-6] [com.local.MySchedule.service.ScheduleService] [getScheduleByDate] [85] - Schedules : []
[2024-11-14 16:38:11.352] [DEBUG] [http-nio-8090-exec-6] [c.l.M.dao.ScheduleMapper.selectSchedulesByDate] [debug] [135] - ==>  Preparing: SELECT s.schedule_date, s.start_time, s.end_time, s.title, s.description, s.create_time, s.update_time, st.type_id, st.type_name, st.type_description, st.bg_color FROM schedule s JOIN schedule_type st ON s.type_id = st.type_id WHERE s.schedule_date = ?
[2024-11-14 16:38:11.353] [DEBUG] [http-nio-8090-exec-6] [c.l.M.dao.ScheduleMapper.selectSchedulesByDate] [debug] [135] - ==> Parameters: 2024-10-30(LocalDate)
[2024-11-14 16:38:11.356] [DEBUG] [http-nio-8090-exec-6] [c.l.M.dao.ScheduleMapper.selectSchedulesByDate] [debug] [135] - <==      Total: 0
[2024-11-14 16:38:11.357] [DEBUG] [http-nio-8090-exec-6] [com.local.MySchedule.service.ScheduleService] [getScheduleByDate] [85] - Schedules : []
[2024-11-14 16:38:11.358] [DEBUG] [http-nio-8090-exec-6] [c.l.M.dao.ScheduleMapper.selectSchedulesByDate] [debug] [135] - ==>  Preparing: SELECT s.schedule_date, s.start_time, s.end_time, s.title, s.description, s.create_time, s.update_time, st.type_id, st.type_name, st.type_description, st.bg_color FROM schedule s JOIN schedule_type st ON s.type_id = st.type_id WHERE s.schedule_date = ?
[2024-11-14 16:38:11.359] [DEBUG] [http-nio-8090-exec-6] [c.l.M.dao.ScheduleMapper.selectSchedulesByDate] [debug] [135] - ==> Parameters: 2024-10-31(LocalDate)
[2024-11-14 16:38:11.371] [DEBUG] [http-nio-8090-exec-6] [c.l.M.dao.ScheduleMapper.selectSchedulesByDate] [debug] [135] - <==      Total: 6
[2024-11-14 16:38:11.372] [DEBUG] [http-nio-8090-exec-6] [com.local.MySchedule.service.ScheduleService] [getScheduleByDate] [85] - Schedules : [2024-10-31, 2024-10-31, 2024-10-31, 2024-10-31, 2024-10-31, 2024-10-31]
[2024-11-14 16:38:11.373] [DEBUG] [http-nio-8090-exec-6] [c.l.M.dao.ScheduleMapper.selectSchedulesByDate] [debug] [135] - ==>  Preparing: SELECT s.schedule_date, s.start_time, s.end_time, s.title, s.description, s.create_time, s.update_time, st.type_id, st.type_name, st.type_description, st.bg_color FROM schedule s JOIN schedule_type st ON s.type_id = st.type_id WHERE s.schedule_date = ?
[2024-11-14 16:38:11.373] [DEBUG] [http-nio-8090-exec-6] [c.l.M.dao.ScheduleMapper.selectSchedulesByDate] [debug] [135] - ==> Parameters: 2024-11-01(LocalDate)
[2024-11-14 16:38:11.387] [DEBUG] [http-nio-8090-exec-6] [c.l.M.dao.ScheduleMapper.selectSchedulesByDate] [debug] [135] - <==      Total: 6
[2024-11-14 16:38:11.389] [DEBUG] [http-nio-8090-exec-6] [com.local.MySchedule.service.ScheduleService] [getScheduleByDate] [85] - Schedules : [2024-11-01, 2024-11-01, 2024-11-01, 2024-11-01, 2024-11-01, 2024-11-01]
[2024-11-14 16:38:11.389] [DEBUG] [http-nio-8090-exec-6] [c.l.M.dao.ScheduleMapper.selectSchedulesByDate] [debug] [135] - ==>  Preparing: SELECT s.schedule_date, s.start_time, s.end_time, s.title, s.description, s.create_time, s.update_time, st.type_id, st.type_name, st.type_description, st.bg_color FROM schedule s JOIN schedule_type st ON s.type_id = st.type_id WHERE s.schedule_date = ?
[2024-11-14 16:38:11.390] [DEBUG] [http-nio-8090-exec-6] [c.l.M.dao.ScheduleMapper.selectSchedulesByDate] [debug] [135] - ==> Parameters: 2024-11-02(LocalDate)
[2024-11-14 16:38:11.402] [DEBUG] [http-nio-8090-exec-6] [c.l.M.dao.ScheduleMapper.selectSchedulesByDate] [debug] [135] - <==      Total: 6
[2024-11-14 16:38:11.404] [DEBUG] [http-nio-8090-exec-6] [com.local.MySchedule.service.ScheduleService] [getScheduleByDate] [85] - Schedules : [2024-11-02, 2024-11-02, 2024-11-02, 2024-11-02, 2024-11-02, 2024-11-02]
[2024-11-14 16:38:11.405] [DEBUG] [http-nio-8090-exec-6] [c.l.M.dao.ScheduleMapper.selectSchedulesByDate] [debug] [135] - ==>  Preparing: SELECT s.schedule_date, s.start_time, s.end_time, s.title, s.description, s.create_time, s.update_time, st.type_id, st.type_name, st.type_description, st.bg_color FROM schedule s JOIN schedule_type st ON s.type_id = st.type_id WHERE s.schedule_date = ?
[2024-11-14 16:38:11.406] [DEBUG] [http-nio-8090-exec-6] [c.l.M.dao.ScheduleMapper.selectSchedulesByDate] [debug] [135] - ==> Parameters: 2024-11-03(LocalDate)
[2024-11-14 16:38:11.415] [DEBUG] [http-nio-8090-exec-6] [c.l.M.dao.ScheduleMapper.selectSchedulesByDate] [debug] [135] - <==      Total: 6
[2024-11-14 16:38:11.418] [DEBUG] [http-nio-8090-exec-6] [com.local.MySchedule.service.ScheduleService] [getScheduleByDate] [85] - Schedules : [2024-11-03, 2024-11-03, 2024-11-03, 2024-11-03, 2024-11-03, 2024-11-03]
[2024-11-14 16:38:11.418] [DEBUG] [http-nio-8090-exec-6] [c.l.M.dao.ScheduleMapper.selectSchedulesByDate] [debug] [135] - ==>  Preparing: SELECT s.schedule_date, s.start_time, s.end_time, s.title, s.description, s.create_time, s.update_time, st.type_id, st.type_name, st.type_description, st.bg_color FROM schedule s JOIN schedule_type st ON s.type_id = st.type_id WHERE s.schedule_date = ?
[2024-11-14 16:38:11.419] [DEBUG] [http-nio-8090-exec-6] [c.l.M.dao.ScheduleMapper.selectSchedulesByDate] [debug] [135] - ==> Parameters: 2024-11-04(LocalDate)
[2024-11-14 16:38:11.428] [DEBUG] [http-nio-8090-exec-6] [c.l.M.dao.ScheduleMapper.selectSchedulesByDate] [debug] [135] - <==      Total: 6
[2024-11-14 16:38:11.431] [DEBUG] [http-nio-8090-exec-6] [com.local.MySchedule.service.ScheduleService] [getScheduleByDate] [85] - Schedules : [2024-11-04, 2024-11-04, 2024-11-04, 2024-11-04, 2024-11-04, 2024-11-04]
[2024-11-14 16:38:11.432] [DEBUG] [http-nio-8090-exec-6] [c.l.M.dao.ScheduleMapper.selectSchedulesByDate] [debug] [135] - ==>  Preparing: SELECT s.schedule_date, s.start_time, s.end_time, s.title, s.description, s.create_time, s.update_time, st.type_id, st.type_name, st.type_description, st.bg_color FROM schedule s JOIN schedule_type st ON s.type_id = st.type_id WHERE s.schedule_date = ?
[2024-11-14 16:38:11.433] [DEBUG] [http-nio-8090-exec-6] [c.l.M.dao.ScheduleMapper.selectSchedulesByDate] [debug] [135] - ==> Parameters: 2024-11-05(LocalDate)
[2024-11-14 16:38:11.439] [DEBUG] [http-nio-8090-exec-6] [c.l.M.dao.ScheduleMapper.selectSchedulesByDate] [debug] [135] - <==      Total: 6
[2024-11-14 16:38:11.440] [DEBUG] [http-nio-8090-exec-6] [com.local.MySchedule.service.ScheduleService] [getScheduleByDate] [85] - Schedules : [2024-11-05, 2024-11-05, 2024-11-05, 2024-11-05, 2024-11-05, 2024-11-05]
[2024-11-14 16:38:11.440] [DEBUG] [http-nio-8090-exec-6] [c.l.M.dao.ScheduleMapper.selectSchedulesByDate] [debug] [135] - ==>  Preparing: SELECT s.schedule_date, s.start_time, s.end_time, s.title, s.description, s.create_time, s.update_time, st.type_id, st.type_name, st.type_description, st.bg_color FROM schedule s JOIN schedule_type st ON s.type_id = st.type_id WHERE s.schedule_date = ?
[2024-11-14 16:38:11.441] [DEBUG] [http-nio-8090-exec-6] [c.l.M.dao.ScheduleMapper.selectSchedulesByDate] [debug] [135] - ==> Parameters: 2024-11-06(LocalDate)
[2024-11-14 16:38:11.448] [DEBUG] [http-nio-8090-exec-6] [c.l.M.dao.ScheduleMapper.selectSchedulesByDate] [debug] [135] - <==      Total: 6
[2024-11-14 16:38:11.450] [DEBUG] [http-nio-8090-exec-6] [com.local.MySchedule.service.ScheduleService] [getScheduleByDate] [85] - Schedules : [2024-11-06, 2024-11-06, 2024-11-06, 2024-11-06, 2024-11-06, 2024-11-06]
[2024-11-14 16:38:11.451] [DEBUG] [http-nio-8090-exec-6] [c.l.M.dao.ScheduleMapper.selectSchedulesByDate] [debug] [135] - ==>  Preparing: SELECT s.schedule_date, s.start_time, s.end_time, s.title, s.description, s.create_time, s.update_time, st.type_id, st.type_name, st.type_description, st.bg_color FROM schedule s JOIN schedule_type st ON s.type_id = st.type_id WHERE s.schedule_date = ?
[2024-11-14 16:38:11.451] [DEBUG] [http-nio-8090-exec-6] [c.l.M.dao.ScheduleMapper.selectSchedulesByDate] [debug] [135] - ==> Parameters: 2024-11-07(LocalDate)
[2024-11-14 16:38:11.455] [DEBUG] [http-nio-8090-exec-6] [c.l.M.dao.ScheduleMapper.selectSchedulesByDate] [debug] [135] - <==      Total: 0
[2024-11-14 16:38:11.457] [DEBUG] [http-nio-8090-exec-6] [com.local.MySchedule.service.ScheduleService] [getScheduleByDate] [85] - Schedules : []
[2024-11-14 16:38:11.458] [DEBUG] [http-nio-8090-exec-6] [c.l.M.dao.ScheduleMapper.selectSchedulesByDate] [debug] [135] - ==>  Preparing: SELECT s.schedule_date, s.start_time, s.end_time, s.title, s.description, s.create_time, s.update_time, st.type_id, st.type_name, st.type_description, st.bg_color FROM schedule s JOIN schedule_type st ON s.type_id = st.type_id WHERE s.schedule_date = ?
[2024-11-14 16:38:11.459] [DEBUG] [http-nio-8090-exec-6] [c.l.M.dao.ScheduleMapper.selectSchedulesByDate] [debug] [135] - ==> Parameters: 2024-11-08(LocalDate)
[2024-11-14 16:38:11.463] [DEBUG] [http-nio-8090-exec-6] [c.l.M.dao.ScheduleMapper.selectSchedulesByDate] [debug] [135] - <==      Total: 0
[2024-11-14 16:38:11.464] [DEBUG] [http-nio-8090-exec-6] [com.local.MySchedule.service.ScheduleService] [getScheduleByDate] [85] - Schedules : []
[2024-11-14 16:38:11.465] [DEBUG] [http-nio-8090-exec-6] [c.l.M.dao.ScheduleMapper.selectSchedulesByDate] [debug] [135] - ==>  Preparing: SELECT s.schedule_date, s.start_time, s.end_time, s.title, s.description, s.create_time, s.update_time, st.type_id, st.type_name, st.type_description, st.bg_color FROM schedule s JOIN schedule_type st ON s.type_id = st.type_id WHERE s.schedule_date = ?
[2024-11-14 16:38:11.466] [DEBUG] [http-nio-8090-exec-6] [c.l.M.dao.ScheduleMapper.selectSchedulesByDate] [debug] [135] - ==> Parameters: 2024-11-09(LocalDate)
[2024-11-14 16:38:11.469] [DEBUG] [http-nio-8090-exec-6] [c.l.M.dao.ScheduleMapper.selectSchedulesByDate] [debug] [135] - <==      Total: 0
[2024-11-14 16:38:11.470] [DEBUG] [http-nio-8090-exec-6] [com.local.MySchedule.service.ScheduleService] [getScheduleByDate] [85] - Schedules : []
[2024-11-14 16:38:11.472] [DEBUG] [http-nio-8090-exec-6] [c.l.M.dao.ScheduleMapper.selectSchedulesByDate] [debug] [135] - ==>  Preparing: SELECT s.schedule_date, s.start_time, s.end_time, s.title, s.description, s.create_time, s.update_time, st.type_id, st.type_name, st.type_description, st.bg_color FROM schedule s JOIN schedule_type st ON s.type_id = st.type_id WHERE s.schedule_date = ?
[2024-11-14 16:38:11.472] [DEBUG] [http-nio-8090-exec-6] [c.l.M.dao.ScheduleMapper.selectSchedulesByDate] [debug] [135] - ==> Parameters: 2024-11-10(LocalDate)
[2024-11-14 16:38:11.477] [DEBUG] [http-nio-8090-exec-6] [c.l.M.dao.ScheduleMapper.selectSchedulesByDate] [debug] [135] - <==      Total: 0
[2024-11-14 16:38:11.480] [DEBUG] [http-nio-8090-exec-6] [com.local.MySchedule.service.ScheduleService] [getScheduleByDate] [85] - Schedules : []
[2024-11-14 16:38:11.481] [DEBUG] [http-nio-8090-exec-6] [c.l.M.dao.ScheduleMapper.selectSchedulesByDate] [debug] [135] - ==>  Preparing: SELECT s.schedule_date, s.start_time, s.end_time, s.title, s.description, s.create_time, s.update_time, st.type_id, st.type_name, st.type_description, st.bg_color FROM schedule s JOIN schedule_type st ON s.type_id = st.type_id WHERE s.schedule_date = ?
[2024-11-14 16:38:11.484] [DEBUG] [http-nio-8090-exec-6] [c.l.M.dao.ScheduleMapper.selectSchedulesByDate] [debug] [135] - ==> Parameters: 2024-11-11(LocalDate)
[2024-11-14 16:38:11.488] [DEBUG] [http-nio-8090-exec-6] [c.l.M.dao.ScheduleMapper.selectSchedulesByDate] [debug] [135] - <==      Total: 0
[2024-11-14 16:38:11.490] [DEBUG] [http-nio-8090-exec-6] [com.local.MySchedule.service.ScheduleService] [getScheduleByDate] [85] - Schedules : []
[2024-11-14 16:38:11.491] [DEBUG] [http-nio-8090-exec-6] [c.l.M.dao.ScheduleMapper.selectSchedulesByDate] [debug] [135] - ==>  Preparing: SELECT s.schedule_date, s.start_time, s.end_time, s.title, s.description, s.create_time, s.update_time, st.type_id, st.type_name, st.type_description, st.bg_color FROM schedule s JOIN schedule_type st ON s.type_id = st.type_id WHERE s.schedule_date = ?
[2024-11-14 16:38:11.491] [DEBUG] [http-nio-8090-exec-6] [c.l.M.dao.ScheduleMapper.selectSchedulesByDate] [debug] [135] - ==> Parameters: 2024-11-12(LocalDate)
[2024-11-14 16:38:11.496] [DEBUG] [http-nio-8090-exec-6] [c.l.M.dao.ScheduleMapper.selectSchedulesByDate] [debug] [135] - <==      Total: 0
[2024-11-14 16:38:11.498] [DEBUG] [http-nio-8090-exec-6] [com.local.MySchedule.service.ScheduleService] [getScheduleByDate] [85] - Schedules : []
[2024-11-14 16:38:11.499] [DEBUG] [http-nio-8090-exec-6] [c.l.M.dao.ScheduleMapper.selectSchedulesByDate] [debug] [135] - ==>  Preparing: SELECT s.schedule_date, s.start_time, s.end_time, s.title, s.description, s.create_time, s.update_time, st.type_id, st.type_name, st.type_description, st.bg_color FROM schedule s JOIN schedule_type st ON s.type_id = st.type_id WHERE s.schedule_date = ?
[2024-11-14 16:38:11.499] [DEBUG] [http-nio-8090-exec-6] [c.l.M.dao.ScheduleMapper.selectSchedulesByDate] [debug] [135] - ==> Parameters: 2024-11-13(LocalDate)
[2024-11-14 16:38:11.503] [DEBUG] [http-nio-8090-exec-6] [c.l.M.dao.ScheduleMapper.selectSchedulesByDate] [debug] [135] - <==      Total: 0
[2024-11-14 16:38:11.505] [DEBUG] [http-nio-8090-exec-6] [com.local.MySchedule.service.ScheduleService] [getScheduleByDate] [85] - Schedules : []
[2024-11-14 16:38:11.506] [DEBUG] [http-nio-8090-exec-6] [c.l.M.dao.ScheduleMapper.selectSchedulesByDate] [debug] [135] - ==>  Preparing: SELECT s.schedule_date, s.start_time, s.end_time, s.title, s.description, s.create_time, s.update_time, st.type_id, st.type_name, st.type_description, st.bg_color FROM schedule s JOIN schedule_type st ON s.type_id = st.type_id WHERE s.schedule_date = ?
[2024-11-14 16:38:11.507] [DEBUG] [http-nio-8090-exec-6] [c.l.M.dao.ScheduleMapper.selectSchedulesByDate] [debug] [135] - ==> Parameters: 2024-11-14(LocalDate)
[2024-11-14 16:38:11.514] [DEBUG] [http-nio-8090-exec-6] [c.l.M.dao.ScheduleMapper.selectSchedulesByDate] [debug] [135] - <==      Total: 1
[2024-11-14 16:38:11.515] [DEBUG] [http-nio-8090-exec-6] [com.local.MySchedule.service.ScheduleService] [getScheduleByDate] [85] - Schedules : [2024-11-14]
[2024-11-14 16:38:11.515] [DEBUG] [http-nio-8090-exec-6] [com.local.MySchedule.controller.ListController] [postList] [80] - SchedulesGroup size: 18
[2024-11-14 16:38:37.502] [DEBUG] [main] [com.local.MySchedule.MyScheduleApplicationTests] [logStarting] [51] - Running with Spring Boot v3.3.4, Spring v6.1.13
[2024-11-14 16:43:22.255] [DEBUG] [main] [com.local.MySchedule.MyScheduleApplicationTests] [logStarting] [51] - Running with Spring Boot v3.3.4, Spring v6.1.13
[2024-11-14 17:03:26.048] [DEBUG] [main] [com.local.MySchedule.MyScheduleApplicationTests] [logStarting] [51] - Running with Spring Boot v3.3.4, Spring v6.1.13
[2024-11-14 17:14:55.571] [DEBUG] [main] [com.local.MySchedule.MyScheduleApplicationTests] [logStarting] [51] - Running with Spring Boot v3.3.4, Spring v6.1.13
[2024-11-14 17:16:26.275] [DEBUG] [main] [com.local.MySchedule.MyScheduleApplicationTests] [logStarting] [51] - Running with Spring Boot v3.3.4, Spring v6.1.13
